<?xml version="1.0" encoding="UTF-8"?>
<!-- Generated by org.testng.reporters.JUnitReportReporter -->
<testsuite skipped="0" hostname="ClientPC" name="com.sampledemo.tests.MyFirstDemotest" tests="1" failures="0" timestamp="26 Sep 2018 17:02:16 GMT" time="3.424" errors="0">
  <testcase name="openBrowserurl" time="3.424" classname="com.sampledemo.tests.MyFirstDemotest"/>
</testsuite> <!-- com.sampledemo.tests.MyFirstDemotest -->
